[17:46:00] [Server thread/INFO]: Starting minecraft server version 1.12
[17:46:00] [Server thread/INFO]: Loading properties
[17:46:00] [Server thread/INFO]: Default game type: SURVIVAL
[17:46:01] [Server thread/INFO]: This server is running CraftBukkit version git-Spigot-596221b-9a1fc1e (MC: 1.12) (Implementing API version 1.12-R0.1-SNAPSHOT)
[17:46:01] [Server thread/INFO]: Server Ping Player Sample Count: 12
[17:46:01] [Server thread/INFO]: Using 4 threads for Netty based IO
[17:46:01] [Server thread/INFO]: Debug logging is disabled
[17:46:01] [Server thread/INFO]: Generating keypair
[17:46:03] [Server thread/INFO]: Starting Minecraft server on *:25565
[17:46:03] [Server thread/INFO]: Using default channel type
[17:46:04] [Server thread/INFO]: Set PluginClassLoader as parallel capable
[17:46:04] [Server thread/INFO]: [CustomJukebox] Loading CustomJukebox v1.1.0
[17:46:04] [Server thread/INFO]: **** Beginning UUID conversion, this may take A LONG time ****
[17:46:04] [Server thread/INFO]: Preparing level "world"
[17:46:04] [Server thread/INFO]: -------- World Settings For [world] --------
[17:46:04] [Server thread/INFO]: Mob Spawn Range: 4
[17:46:04] [Server thread/INFO]: Cactus Growth Modifier: 100%
[17:46:04] [Server thread/INFO]: Cane Growth Modifier: 100%
[17:46:04] [Server thread/INFO]: Melon Growth Modifier: 100%
[17:46:04] [Server thread/INFO]: Mushroom Growth Modifier: 100%
[17:46:04] [Server thread/INFO]: Pumpkin Growth Modifier: 100%
[17:46:04] [Server thread/INFO]: Sapling Growth Modifier: 100%
[17:46:04] [Server thread/INFO]: Wheat Growth Modifier: 100%
[17:46:04] [Server thread/INFO]: NetherWart Growth Modifier: 100%
[17:46:04] [Server thread/INFO]: Vine Growth Modifier: 100%
[17:46:04] [Server thread/INFO]: Cocoa Growth Modifier: 100%
[17:46:04] [Server thread/INFO]: Entity Activation Range: An 32 / Mo 32 / Mi 16
[17:46:04] [Server thread/INFO]: Entity Tracking Range: Pl 48 / An 48 / Mo 48 / Mi 32 / Other 64
[17:46:04] [Server thread/INFO]: Hopper Transfer: 8 Hopper Check: 1 Hopper Amount: 1
[17:46:04] [Server thread/INFO]: Random Lighting Updates: false
[17:46:04] [Server thread/INFO]: Structure Info Saving: true
[17:46:04] [Server thread/INFO]: Custom Map Seeds:  Village: 10387312 Feature: 14357617 Monument: 10387313 Slime: 987234911
[17:46:04] [Server thread/INFO]: Max TNT Explosions: 100
[17:46:04] [Server thread/INFO]: Tile Max Tick Time: 50ms Entity max Tick Time: 50ms
[17:46:04] [Server thread/INFO]: Arrow Despawn Rate: 1200
[17:46:04] [Server thread/INFO]: View Distance: 10
[17:46:04] [Server thread/INFO]: Experience Merge Radius: 3.0
[17:46:04] [Server thread/INFO]: Zombie Aggressive Towards Villager: true
[17:46:04] [Server thread/INFO]: Allow Zombie Pigmen to spawn from portal blocks: true
[17:46:04] [Server thread/INFO]: Item Despawn Rate: 6000
[17:46:04] [Server thread/INFO]: Item Merge Radius: 2.5
[17:46:04] [Server thread/INFO]: Nerfing mobs spawned from spawners: false
[17:46:08] [Server thread/INFO]: Loaded 21 custom command functions
[17:46:09] [Server thread/INFO]: -------- World Settings For [world_nether] --------
[17:46:09] [Server thread/INFO]: Mob Spawn Range: 4
[17:46:09] [Server thread/INFO]: Cactus Growth Modifier: 100%
[17:46:09] [Server thread/INFO]: Cane Growth Modifier: 100%
[17:46:09] [Server thread/INFO]: Melon Growth Modifier: 100%
[17:46:09] [Server thread/INFO]: Mushroom Growth Modifier: 100%
[17:46:09] [Server thread/INFO]: Pumpkin Growth Modifier: 100%
[17:46:09] [Server thread/INFO]: Sapling Growth Modifier: 100%
[17:46:09] [Server thread/INFO]: Wheat Growth Modifier: 100%
[17:46:09] [Server thread/INFO]: NetherWart Growth Modifier: 100%
[17:46:09] [Server thread/INFO]: Vine Growth Modifier: 100%
[17:46:09] [Server thread/INFO]: Cocoa Growth Modifier: 100%
[17:46:09] [Server thread/INFO]: Entity Activation Range: An 32 / Mo 32 / Mi 16
[17:46:09] [Server thread/INFO]: Entity Tracking Range: Pl 48 / An 48 / Mo 48 / Mi 32 / Other 64
[17:46:09] [Server thread/INFO]: Hopper Transfer: 8 Hopper Check: 1 Hopper Amount: 1
[17:46:09] [Server thread/INFO]: Random Lighting Updates: false
[17:46:09] [Server thread/INFO]: Structure Info Saving: true
[17:46:09] [Server thread/INFO]: Custom Map Seeds:  Village: 10387312 Feature: 14357617 Monument: 10387313 Slime: 987234911
[17:46:09] [Server thread/INFO]: Max TNT Explosions: 100
[17:46:09] [Server thread/INFO]: Tile Max Tick Time: 50ms Entity max Tick Time: 50ms
[17:46:09] [Server thread/INFO]: Arrow Despawn Rate: 1200
[17:46:09] [Server thread/INFO]: View Distance: 10
[17:46:09] [Server thread/INFO]: Experience Merge Radius: 3.0
[17:46:09] [Server thread/INFO]: Zombie Aggressive Towards Villager: true
[17:46:09] [Server thread/INFO]: Allow Zombie Pigmen to spawn from portal blocks: true
[17:46:09] [Server thread/INFO]: Item Despawn Rate: 6000
[17:46:09] [Server thread/INFO]: Item Merge Radius: 2.5
[17:46:09] [Server thread/INFO]: Nerfing mobs spawned from spawners: false
[17:46:09] [Server thread/INFO]: -------- World Settings For [world_the_end] --------
[17:46:09] [Server thread/INFO]: Mob Spawn Range: 4
[17:46:09] [Server thread/INFO]: Cactus Growth Modifier: 100%
[17:46:09] [Server thread/INFO]: Cane Growth Modifier: 100%
[17:46:09] [Server thread/INFO]: Melon Growth Modifier: 100%
[17:46:09] [Server thread/INFO]: Mushroom Growth Modifier: 100%
[17:46:09] [Server thread/INFO]: Pumpkin Growth Modifier: 100%
[17:46:09] [Server thread/INFO]: Sapling Growth Modifier: 100%
[17:46:09] [Server thread/INFO]: Wheat Growth Modifier: 100%
[17:46:09] [Server thread/INFO]: NetherWart Growth Modifier: 100%
[17:46:09] [Server thread/INFO]: Vine Growth Modifier: 100%
[17:46:09] [Server thread/INFO]: Cocoa Growth Modifier: 100%
[17:46:09] [Server thread/INFO]: Entity Activation Range: An 32 / Mo 32 / Mi 16
[17:46:09] [Server thread/INFO]: Entity Tracking Range: Pl 48 / An 48 / Mo 48 / Mi 32 / Other 64
[17:46:09] [Server thread/INFO]: Hopper Transfer: 8 Hopper Check: 1 Hopper Amount: 1
[17:46:09] [Server thread/INFO]: Random Lighting Updates: false
[17:46:09] [Server thread/INFO]: Structure Info Saving: true
[17:46:09] [Server thread/INFO]: Custom Map Seeds:  Village: 10387312 Feature: 14357617 Monument: 10387313 Slime: 987234911
[17:46:09] [Server thread/INFO]: Max TNT Explosions: 100
[17:46:09] [Server thread/INFO]: Tile Max Tick Time: 50ms Entity max Tick Time: 50ms
[17:46:09] [Server thread/INFO]: Arrow Despawn Rate: 1200
[17:46:09] [Server thread/INFO]: View Distance: 10
[17:46:09] [Server thread/INFO]: Experience Merge Radius: 3.0
[17:46:09] [Server thread/INFO]: Zombie Aggressive Towards Villager: true
[17:46:09] [Server thread/INFO]: Allow Zombie Pigmen to spawn from portal blocks: true
[17:46:09] [Server thread/INFO]: Item Despawn Rate: 6000
[17:46:09] [Server thread/INFO]: Item Merge Radius: 2.5
[17:46:09] [Server thread/INFO]: Nerfing mobs spawned from spawners: false
[17:46:09] [Server thread/INFO]: Preparing start region for level 0 (Seed: -5627081960625147768)
[17:46:10] [Server thread/INFO]: Preparing spawn area: 7%
[17:46:11] [Server thread/INFO]: Preparing spawn area: 22%
[17:46:12] [Server thread/INFO]: Preparing spawn area: 36%
[17:46:13] [Server thread/INFO]: Preparing spawn area: 48%
[17:46:14] [Server thread/INFO]: Preparing spawn area: 64%
[17:46:15] [Server thread/INFO]: Preparing spawn area: 86%
[17:46:16] [Server thread/INFO]: Preparing start region for level 1 (Seed: 6208133462615802200)
[17:46:17] [Server thread/INFO]: Preparing spawn area: 4%
[17:46:18] [Server thread/INFO]: Preparing spawn area: 8%
[17:46:19] [Server thread/INFO]: Preparing spawn area: 13%
[17:46:20] [Server thread/INFO]: Preparing spawn area: 17%
[17:46:21] [Server thread/INFO]: Preparing spawn area: 22%
[17:46:22] [Server thread/INFO]: Preparing spawn area: 26%
[17:46:23] [Server thread/INFO]: Preparing spawn area: 31%
[17:46:24] [Server thread/INFO]: Preparing spawn area: 36%
[17:46:25] [Server thread/INFO]: Preparing spawn area: 40%
[17:46:26] [Server thread/INFO]: Preparing spawn area: 44%
[17:46:27] [Server thread/INFO]: Preparing spawn area: 49%
[17:46:28] [Server thread/INFO]: Preparing spawn area: 53%
[17:46:29] [Server thread/INFO]: Preparing spawn area: 57%
[17:46:31] [Server thread/INFO]: Preparing spawn area: 62%
[17:46:32] [Server thread/INFO]: Preparing spawn area: 66%
[17:46:33] [Server thread/INFO]: Preparing spawn area: 71%
[17:46:34] [Server thread/INFO]: Preparing spawn area: 75%
[17:46:35] [Server thread/INFO]: Preparing spawn area: 80%
[17:46:36] [Server thread/INFO]: Preparing spawn area: 84%
[17:46:37] [Server thread/INFO]: Preparing spawn area: 88%
[17:46:38] [Server thread/INFO]: Preparing spawn area: 93%
[17:46:39] [Server thread/INFO]: Preparing spawn area: 97%
[17:46:39] [Server thread/INFO]: Preparing start region for level 2 (Seed: 6208133462615802200)
[17:46:40] [Server thread/INFO]: Preparing spawn area: 41%
[17:46:41] [Server thread/INFO]: Preparing spawn area: 54%
[17:46:42] [Server thread/INFO]: Preparing spawn area: 74%
[17:46:43] [Server thread/INFO]: [CustomJukebox] Enabling CustomJukebox v1.1.0
[17:46:43] [Server thread/INFO]: [0;33;22m[CustomJukebox] Songs loaded:[m
[17:46:43] [Server thread/INFO]: [CustomJukebox] ??? ???
[17:46:43] [Server thread/INFO]: [CustomJukebox] ??? ??
[17:46:43] [Server thread/INFO]: [CustomJukebox] ??? ????
[17:46:43] [Server thread/INFO]: [CustomJukebox] ??? ????????
[17:46:43] [Server thread/INFO]: [CustomJukebox] ??? ??
[17:46:43] [Server thread/INFO]: [CustomJukebox] ??? ??
[17:46:43] [Server thread/INFO]: [CustomJukebox] ????????
[17:46:43] [Server thread/INFO]: [CustomJukebox] ????
[17:46:43] [Server thread/INFO]: [CustomJukebox] LOADING LOCATION: 402,4,-35,maydaycheer
[17:46:43] [Server thread/INFO]: [CustomJukebox] Attempting to load song lengths from 0 files in tracks directory
[17:46:43] [Server thread/INFO]: [0;32;1m[CustomJukebox] Enabled successfully in 102 ms![m
[17:46:43] [Server thread/INFO]: Server permissions file permissions.yml is empty, ignoring it
[17:46:43] [Server thread/INFO]: Done (39.025s)! For help, type "help" or "?"
[17:46:43] [Server thread/INFO]: Starting remote control listener
[17:46:43] [RCON Listener #1/INFO]: RCON running on 0.0.0.0:25575
[17:49:57] [User Authenticator #1/INFO]: UUID of player Jiun1014 is 2dd2212c-a81d-4e82-8b51-e5b18c6575a3
[17:49:59] [Server thread/INFO]: Jiun1014[/192.168.1.107:54855] logged in with entity id 323 at ([world]-853.6446865290472, 4.0, 898.1370277401664)
[17:50:54] [Server thread/INFO]: Jiun1014 issued server command: /difficulty peaceful
[17:51:21] [Server thread/INFO]: Jiun1014 lost connection: Disconnected
[17:51:22] [Server thread/INFO]: Jiun1014 left the game
[17:52:35] [Thread-3/INFO]: Stopping server
[17:52:35] [Thread-3/INFO]: [CustomJukebox] Disabling CustomJukebox v1.1.0
